[1242341771] Icinga 1.2.1 starting... (PID=48448)
[1242341771] Local time is Mon Oct 25 23:56:11 BST 2010
[1242341771] LOG VERSION: 2.0
[1242341771] Error: Could not create external command file 'var/rw/icinga.cmd' as named pipe: (2) -> No such file or directory.  If this file already exists and you are sure that another copy of Nagios is not running, you should delete this file.
[1242341771] Bailing out due to errors encountered while trying to initialize the external command file... (PID=48448)
[1242341791] Icinga 1.2.1 starting... (PID=48451)
[1242341791] Local time is Mon Oct 25 23:56:11 BST 2010
[1242341791] LOG VERSION: 2.0
[1297592544] Error in configuration file '/mnt/sda6/experiments/icinga/mikes/t/etc/standalone/simple.cfg' - Line 4 (Temp path is not a valid directory)
[1297592544] Icinga 1.3.0 starting... (PID=14755)
[1297592544] Local time is Sun Feb 13 11:22:24 CET 2011
[1297592544] LOG VERSION: 2.0
[1297592544] Bailing out due to one or more errors encountered in the configuration files. Run Icinga from the command line with the -v option to verify your config before restarting. (PID=14755)
[1297592699] Error in configuration file '/mnt/sda6/experiments/icinga/mikes/t/etc/standalone/simple.cfg' - Line 4 (Temp path (t/tmp) is not a valid directory) input:(temp_path=t/tmp) variable:(temp_path)=value(t/tmp)
[1297592699] Icinga 1.3.0 starting... (PID=14945)
[1297592699] Local time is Sun Feb 13 11:24:59 CET 2011
[1297592699] LOG VERSION: 2.0
[1297592699] Bailing out due to one or more errors encountered in the configuration files. Run Icinga from the command line with the -v option to verify your config before restarting. (PID=14945)
[1297592726] Icinga 1.3.0 starting... (PID=14973)
[1297592726] Local time is Sun Feb 13 11:25:26 CET 2011
[1297592726] LOG VERSION: 2.0
[1297592726] Error: Could not create external command file 't/var/rw/icinga.cmd' as named pipe: (2) -> No such file or directory.  If this file already exists and you are sure that another copy of Icinga is not running, you should delete this file.
[1297592726] Bailing out due to errors encountered while trying to initialize the external command file... (PID=14973)
[1297592753] Icinga 1.3.0 starting... (PID=15011)
[1297592753] Local time is Sun Feb 13 11:25:53 CET 2011
[1297592753] LOG VERSION: 2.0
[1297592813] error executing command 't/usr/local/icinga/libexec/check_me': No such file or directory. Make sure that the file actually exists (in PATH, if set) and is executable!
[1297592873] error executing command 't/usr/local/icinga/libexec/check_me': No such file or directory. Make sure that the file actually exists (in PATH, if set) and is executable!
[1297592933] error executing command 't/usr/local/icinga/libexec/check_me': No such file or directory. Make sure that the file actually exists (in PATH, if set) and is executable!
[1297592943] SERVICE ALERT: host1;Dummy service;UNKNOWN;HARD;3;error executing command 't/usr/local/icinga/libexec/check_me': No such file or directory. Make sure that the file actually exists (in PATH, if set) and is executable!
[1297592993] error executing command 't/usr/local/icinga/libexec/check_me': No such file or directory. Make sure that the file actually exists (in PATH, if set) and is executable!
[1297593053] error executing command 't/usr/local/icinga/libexec/check_me': No such file or directory. Make sure that the file actually exists (in PATH, if set) and is executable!
[1297593113] error executing command 't/usr/local/icinga/libexec/check_me': No such file or directory. Make sure that the file actually exists (in PATH, if set) and is executable!
[1297593173] error executing command 't/usr/local/icinga/libexec/check_me': No such file or directory. Make sure that the file actually exists (in PATH, if set) and is executable!
[1297593233] error executing command 't/usr/local/icinga/libexec/check_me': No such file or directory. Make sure that the file actually exists (in PATH, if set) and is executable!
[1297600867] Icinga 1.3.0 starting... (PID=7962)
[1297600867] Local time is Sun Feb 13 13:41:07 CET 2011
[1297600867] LOG VERSION: 2.0
[1297600899] Icinga 1.3.0 starting... (PID=7965)
[1297600899] Local time is Sun Feb 13 13:41:39 CET 2011
[1297600899] LOG VERSION: 2.0
[1297600902] Icinga 1.3.0 starting... (PID=7967)
[1297600902] Local time is Sun Feb 13 13:41:42 CET 2011
[1297600902] LOG VERSION: 2.0
[1297600914] Icinga 1.3.0 starting... (PID=7969)
[1297600914] Local time is Sun Feb 13 13:41:54 CET 2011
[1297600914] LOG VERSION: 2.0
[1297600916] Icinga 1.3.0 starting... (PID=7971)
[1297600916] Local time is Sun Feb 13 13:41:56 CET 2011
[1297600916] LOG VERSION: 2.0
[1297600921] Icinga 1.3.0 starting... (PID=7996)
[1297600921] Local time is Sun Feb 13 13:42:01 CET 2011
[1297600921] LOG VERSION: 2.0
[1297602832] Icinga 1.3.0 starting... (PID=8920)
[1297602832] Local time is Sun Feb 13 14:13:52 CET 2011
[1297602832] LOG VERSION: 2.0
