[1297505649] Error in configuration file '/mnt/sda6/experiments/icinga/icinga-core-clean/t/standalone/minimal.cfg' - Line 1 (NULL value) input:(define host {) variable:(define host {)=value((null))
[1297505649] Icinga 1.3.0 starting... (PID=19925)
[1297505649] Local time is Sat Feb 12 11:14:09 CET 2011
[1297505649] LOG VERSION: 2.0
[1297505649] Bailing out due to one or more errors encountered in the configuration files. Run Icinga from the command line with the -v option to verify your config before restarting. (PID=19925)
[1297505678] Icinga 1.3.0 starting... (PID=19931)
[1297505678] Local time is Sat Feb 12 11:14:38 CET 2011
[1297505678] LOG VERSION: 2.0
[1297505678] going to exec: t/usr/local/icinga/libexec/check_me
[1297505678] checking cmd(t/usr/local/icinga/libexec/check_me) argv[0]=(null)
[1297505678] checking output(checking cmd(t/usr/local/icinga/libexec/check_me) argv[0]=(null)
)
[1297505678] checking output(t/usr/local/icinga/libexec/check_me: 2: use: not found
)
[1297505678] checking output(t/usr/local/icinga/libexec/check_me: 3: use: not found
)
[1297505678] checking output(t/usr/local/icinga/libexec/check_me: 25: use: not found
)
[1297505678] checking output(t/usr/local/icinga/libexec/check_me: 29: Syntax error: "(" unexpected
)
[1297505724] Icinga 1.3.0 starting... (PID=19966)
[1297505724] Local time is Sat Feb 12 11:15:24 CET 2011
[1297505724] LOG VERSION: 2.0
[1297505724] going to exec: t/usr/local/icinga/libexec/check_me
[1297505724] checking cmd(t/usr/local/icinga/libexec/check_me) argv[0]=(null)
[1297505725] checking output(checking cmd(t/usr/local/icinga/libexec/check_me) argv[0]=(null)
)
[1297505725] checking output(ME OK - page size at http://... was 100kB | size=100kB;1000;10000
)
